INFO  time: initialize in 0.32s
WARN  Skipping build import for unsupported sbt version 0.13.16
INFO  time: initialize in 0.27s
WARN  Skipping build import for unsupported sbt version 0.13.16
INFO  time: initialize in 0.34s
WARN  Skipping build import for unsupported sbt version 0.13.16
INFO  time: initialize in 0.31s
WARN  Skipping build import for unsupported sbt version 0.13.16
INFO  shutting down Metals
INFO  time: initialize in 0.25s
WARN  Skipping build import for unsupported sbt version 0.13.16
十一月 21, 2019 10:36:09 上午 org.eclipse.lsp4j.jsonrpc.services.GenericEndpoint notify
信息: Unsupported notification method: $/setTraceNotification
INFO  shutting down Metals
INFO  time: initialize in 0.31s
WARN  Skipping build import for unsupported sbt version 0.13.16
WARN  no build target: D:\工作文档区域\临时文件69.txt
WARN  no build target: D:\工作文档区域\临时文件62.txt
WARN  no build target: D:\工作文档区域\临时文件61.txt
WARN  no build target: D:\工作文档区域\临时文件63.txt
WARN  no build target: D:\工作文档区域\临时文件61.txt
WARN  no build target: D:\工作文档区域\临时文件61.txt
WARN  no build target: D:\工作文档区域\临时文件66.txt
WARN  no build target: D:\工作文档区域\临时文件66.txt
WARN  no build target: D:\工作文档区域\临时文件68.txt
WARN  no build target: D:\工作文档区域\临时文件69.txt
WARN  no build target: D:\工作文档区域\临时文件68.txt
INFO  time: initialize in 0.23s
WARN  Skipping build import for unsupported sbt version 0.13.16
INFO  time: initialize in 0.31s
WARN  Skipping build import for unsupported sbt version 0.13.16
INFO  shutting down Metals
INFO  time: initialize in 0.24s
WARN  Skipping build import for unsupported sbt version 0.13.16
INFO  time: initialize in 0.33s
WARN  Skipping build import for unsupported sbt version 0.13.16
十一月 26, 2019 9:14:32 上午 org.eclipse.lsp4j.jsonrpc.services.GenericEndpoint notify
信息: Unsupported notification method: $/setTraceNotification
十一月 26, 2019 9:24:36 上午 org.eclipse.lsp4j.jsonrpc.services.GenericEndpoint notify
信息: Unsupported notification method: $/setTraceNotification
INFO  shutting down Metals
INFO  time: initialize in 0.24s
WARN  Skipping build import for unsupported sbt version 0.13.16
十一月 26, 2019 9:31:54 上午 org.eclipse.lsp4j.jsonrpc.services.GenericEndpoint notify
信息: Unsupported notification method: $/setTraceNotification
INFO  shutting down Metals
INFO  time: initialize in 0.23s
WARN  Skipping build import for unsupported sbt version 0.13.16
INFO  shutting down Metals
INFO  time: initialize in 0.23s
WARN  Skipping build import for unsupported sbt version 0.13.16
十一月 26, 2019 1:49:46 下午 org.eclipse.lsp4j.jsonrpc.services.GenericEndpoint notify
信息: Unsupported notification method: $/setTraceNotification
INFO  shutting down Metals
INFO  time: initialize in 0.23s
WARN  Skipping build import for unsupported sbt version 0.13.16
INFO  shutting down Metals
INFO  time: initialize in 0.23s
WARN  Skipping build import for unsupported sbt version 0.13.16
十一月 26, 2019 2:06:28 下午 org.eclipse.lsp4j.jsonrpc.services.GenericEndpoint notify
信息: Unsupported notification method: $/setTraceNotification
WARN  no build target: D:\工作文档区域\临时文件65.txt
WARN  no build target: D:\工作文档区域\临时文件65.txt
十一月 26, 2019 3:57:08 下午 org.eclipse.lsp4j.jsonrpc.RemoteEndpoint handleCancellation
警告: Unmatched cancel notification for request id 72
INFO  time: initialize in 0.32s
WARN  Skipping build import for unsupported sbt version 0.13.16
WARN  no build target: D:\工作文档区域\临时文件61.txt
INFO  time: initialize in 0.36s
WARN  Skipping build import for unsupported sbt version 0.13.16
INFO  time: initialize in 0.37s
WARN  Skipping build import for unsupported sbt version 0.13.16
INFO  time: initialize in 0.42s
WARN  Skipping build import for unsupported sbt version 0.13.16
INFO  shutting down Metals
INFO  time: initialize in 0.25s
WARN  Skipping build import for unsupported sbt version 0.13.16
WARN  no build target: D:\工作文档区域\临时文件65.txt
INFO  time: initialize in 0.25s
WARN  Skipping build import for unsupported sbt version 0.13.16
WARN  no build target: D:\工作文档区域\临时文件61.txt
WARN  no build target: D:\工作文档区域\临时文件61.txt
WARN  no build target: D:\工作文档区域\临时文件63.txt
INFO  time: initialize in 0.41s
WARN  Skipping build import for unsupported sbt version 0.13.16
INFO  time: initialize in 0.38s
WARN  Skipping build import for unsupported sbt version 0.13.16
十二月 04, 2019 9:58:06 上午 org.eclipse.lsp4j.jsonrpc.services.GenericEndpoint notify
信息: Unsupported notification method: $/setTraceNotification
十二月 04, 2019 9:58:08 上午 org.eclipse.lsp4j.jsonrpc.services.GenericEndpoint notify
信息: Unsupported notification method: $/setTraceNotification
INFO  shutting down Metals
INFO  time: initialize in 0.46s
WARN  Skipping build import for unsupported sbt version 0.13.16
WARN  no build target: D:\工作文档区域\临时文件70.txt
WARN  no build target: D:\工作文档区域\临时文件70.txt
WARN  no build target: D:\工作文档区域\临时文件70.txt
WARN  no build target: D:\工作文档区域\临时文件70.txt
WARN  no build target: D:\工作文档区域\临时文件70.txt
WARN  no build target: D:\工作文档区域\临时文件70.txt
WARN  no build target: D:\工作文档区域\临时文件70.txt
十二月 04, 2019 10:47:13 上午 org.eclipse.lsp4j.jsonrpc.RemoteEndpoint handleCancellation
警告: Unmatched cancel notification for request id 44
WARN  no build target: D:\工作文档区域\临时文件70.txt
WARN  no build target: D:\工作文档区域\临时文件70.txt
WARN  no build target: D:\工作文档区域\临时文件70.txt
WARN  no build target: D:\工作文档区域\临时文件70.txt
WARN  no build target: D:\工作文档区域\临时文件70.txt
WARN  no build target: D:\工作文档区域\临时文件70.txt
WARN  no build target: D:\工作文档区域\临时文件70.txt
WARN  no build target: D:\工作文档区域\临时文件70.txt
WARN  no build target: D:\工作文档区域\临时文件70.txt
WARN  no build target: D:\工作文档区域\临时文件70.txt
WARN  no build target: D:\工作文档区域\临时文件70.txt
WARN  no build target: D:\工作文档区域\临时文件70.txt
WARN  no build target: D:\工作文档区域\临时文件70.txt
WARN  no build target: D:\工作文档区域\临时文件70.txt
WARN  no build target: D:\工作文档区域\临时文件70.txt
WARN  no build target: D:\工作文档区域\临时文件70.txt
WARN  no build target: D:\工作文档区域\临时文件70.txt
WARN  no build target: D:\工作文档区域\临时文件70.txt
WARN  no build target: D:\工作文档区域\临时文件70.txt
WARN  no build target: D:\工作文档区域\临时文件70.txt
WARN  no build target: D:\工作文档区域\临时文件70.txt
WARN  no build target: D:\工作文档区域\临时文件70.txt
WARN  no build target: D:\工作文档区域\临时文件70.txt
WARN  no build target: D:\工作文档区域\临时文件70.txt
WARN  no build target: D:\工作文档区域\临时文件70.txt
WARN  no build target: D:\工作文档区域\临时文件70.txt
WARN  no build target: D:\工作文档区域\临时文件70.txt
WARN  no build target: D:\工作文档区域\临时文件70.txt
WARN  no build target: D:\工作文档区域\临时文件70.txt
WARN  no build target: D:\工作文档区域\临时文件70.txt
WARN  no build target: D:\工作文档区域\临时文件70.txt
WARN  no build target: D:\工作文档区域\临时文件70.txt
WARN  no build target: D:\工作文档区域\临时文件70.txt
WARN  no build target: D:\工作文档区域\临时文件70.txt
WARN  no build target: D:\工作文档区域\临时文件70.txt
WARN  no build target: D:\工作文档区域\临时文件70.txt
WARN  no build target: D:\工作文档区域\临时文件70.txt
WARN  no build target: D:\工作文档区域\临时文件70.txt
WARN  no build target: D:\工作文档区域\临时文件70.txt
WARN  no build target: D:\工作文档区域\临时文件70.txt
WARN  no build target: D:\工作文档区域\临时文件70.txt
WARN  no build target: D:\工作文档区域\临时文件70.txt
WARN  no build target: D:\工作文档区域\临时文件70.txt
WARN  no build target: D:\工作文档区域\临时文件70.txt
WARN  no build target: D:\工作文档区域\临时文件70.txt
WARN  no build target: D:\工作文档区域\临时文件70.txt
WARN  no build target: D:\工作文档区域\临时文件70.txt
WARN  no build target: D:\工作文档区域\临时文件70.txt
WARN  no build target: D:\工作文档区域\临时文件70.txt
WARN  no build target: D:\工作文档区域\临时文件70.txt
WARN  no build target: D:\工作文档区域\临时文件70.txt
WARN  no build target: D:\工作文档区域\临时文件70.txt
WARN  no build target: D:\工作文档区域\临时文件70.txt
WARN  no build target: D:\工作文档区域\临时文件70.txt
WARN  no build target: D:\工作文档区域\临时文件70.txt
WARN  no build target: D:\工作文档区域\临时文件70.txt
WARN  no build target: D:\工作文档区域\临时文件70.txt
WARN  no build target: D:\工作文档区域\临时文件70.txt
WARN  no build target: D:\工作文档区域\临时文件70.txt
WARN  no build target: D:\工作文档区域\临时文件70.txt
